  hetstack.cpp
h:\m\c++\sdp\projectfirsttry\projectfirsttry\hetstack.cpp(40): error C3867: 'std::list<object *,std::allocator<_Ty>>::pop_back': non-standard syntax; use '&' to create a pointer to member
          with
          [
              _Ty=object *
          ]
h:\m\c++\sdp\projectfirsttry\projectfirsttry\hetstack.cpp(53): error C2660: 'std::list<object *,std::allocator<_Ty>>::pop_front': function does not take 1 arguments
          with
          [
              _Ty=object *
          ]
  c:\program files (x86)\microsoft visual studio\2017\enterprise\vc\tools\msvc\14.16.27023\include\list(1168): note: see declaration of 'std::list<object *,std::allocator<_Ty>>::pop_front'
          with
          [
              _Ty=object *
          ]
h:\m\c++\sdp\projectfirsttry\projectfirsttry\hetstack.cpp(60): error C2516: 'Tstack': is not a legal base class
  h:\m\c++\sdp\projectfirsttry\projectfirsttry\hetstack.cpp(18): note: see declaration of 'Tstack'
  h:\m\c++\sdp\projectfirsttry\projectfirsttry\hetstack.cpp(65): note: see reference to class template instantiation 'newStack<T>' being compiled
h:\m\c++\sdp\projectfirsttry\projectfirsttry\hetstack.cpp(78): error C2516: 'Tlist': is not a legal base class
  h:\m\c++\sdp\projectfirsttry\projectfirsttry\hetstack.cpp(23): note: see declaration of 'Tlist'
  h:\m\c++\sdp\projectfirsttry\projectfirsttry\hetstack.cpp(81): note: see reference to class template instantiation 'newList<T>' being compiled
h:\m\c++\sdp\projectfirsttry\projectfirsttry\hetstack.cpp(85): error C2760: syntax error: unexpected token 'identifier', expected ';'
h:\m\c++\sdp\projectfirsttry\projectfirsttry\hetstack.cpp(91): error C2760: syntax error: unexpected token 'identifier', expected ';'
h:\m\c++\sdp\projectfirsttry\projectfirsttry\hetstack.cpp(96): error C2516: 'Tqueue': is not a legal base class
  h:\m\c++\sdp\projectfirsttry\projectfirsttry\hetstack.cpp(20): note: see declaration of 'Tqueue'
  h:\m\c++\sdp\projectfirsttry\projectfirsttry\hetstack.cpp(99): note: see reference to class template instantiation 'newQueue<T>' being compiled
h:\m\c++\sdp\projectfirsttry\projectfirsttry\hetstack.cpp(103): error C2760: syntax error: unexpected token 'identifier', expected ';'
h:\m\c++\sdp\projectfirsttry\projectfirsttry\hetstack.cpp(109): error C2760: syntax error: unexpected token 'identifier', expected ';'
  idkn.cpp
h:\m\c++\sdp\projectfirsttry\projectfirsttry\idkn.cpp(3): error C2143: syntax error: missing ';' before '*'
  h:\m\c++\sdp\projectfirsttry\projectfirsttry\idkn.cpp(6): note: see reference to class template instantiation 'LinkedListElement<T>' being compiled
h:\m\c++\sdp\projectfirsttry\projectfirsttry\idkn.cpp(3): error C4430: missing type specifier - int assumed. Note: C++ does not support default-int
h:\m\c++\sdp\projectfirsttry\projectfirsttry\idkn.cpp(3): error C2238: unexpected token(s) preceding ';'
  Generating Code...
